<?xml version="1.0" encoding="UTF-8"?>
<!-- Generated by org.testng.reporters.JUnitReportReporter -->
<testsuite hostname="edureka" failures="0" tests="1" name="Edureka.project.App" time="4.475" errors="0" timestamp="22 Nov 2022 10:51:12 GMT" skipped="0">
  <testcase classname="Edureka.project.App" name="Jenkinstest" time="4.475"/>
</testsuite> <!-- Edureka.project.App -->
